{
 "id": "fe02fb7e-a53f-4ff6-b40c-72458780604c",
 "name": "TypeError",
 "message": "Cannot read properties of undefined (reading 'name')",
 "stack": "TypeError: Cannot read properties of undefined (reading 'name')\n    at Object.name (C:\\Users\\lucas\\Desktop\\Progamação\\Desenvolvimento Web\\Pasta\\nodejs\\Api-testes\\src\\services\\user.js:21:15)\n    at save (C:\\Users\\lucas\\Desktop\\Progamação\\Desenvolvimento Web\\Pasta\\nodejs\\Api-testes\\src\\routes\\auth.js:31:46)\n    at Layer.handle [as handle_request] (C:\\Users\\lucas\\Desktop\\Progamação\\Desenvolvimento Web\\Pasta\\nodejs\\Api-testes\\node_modules\\express\\lib\\router\\layer.js:95:5)\n    at next (C:\\Users\\lucas\\Desktop\\Progamação\\Desenvolvimento Web\\Pasta\\nodejs\\Api-testes\\node_modules\\express\\lib\\router\\route.js:137:13)\n    at Route.dispatch (C:\\Users\\lucas\\Desktop\\Progamação\\Desenvolvimento Web\\Pasta\\nodejs\\Api-testes\\node_modules\\express\\lib\\router\\route.js:112:3)\n    at Layer.handle [as handle_request] (C:\\Users\\lucas\\Desktop\\Progamação\\Desenvolvimento Web\\Pasta\\nodejs\\Api-testes\\node_modules\\express\\lib\\router\\layer.js:95:5)\n    at C:\\Users\\lucas\\Desktop\\Progamação\\Desenvolvimento Web\\Pasta\\nodejs\\Api-testes\\node_modules\\express\\lib\\router\\index.js:281:22\n    at Function.process_params (C:\\Users\\lucas\\Desktop\\Progamação\\Desenvolvimento Web\\Pasta\\nodejs\\Api-testes\\node_modules\\express\\lib\\router\\index.js:335:12)\n    at next (C:\\Users\\lucas\\Desktop\\Progamação\\Desenvolvimento Web\\Pasta\\nodejs\\Api-testes\\node_modules\\express\\lib\\router\\index.js:275:10)\n    at Function.handle (C:\\Users\\lucas\\Desktop\\Progamação\\Desenvolvimento Web\\Pasta\\nodejs\\Api-testes\\node_modules\\express\\lib\\router\\index.js:174:3)",
 "level": "error",
 "timestamp": "2022-07-19T16:53:42.160Z"
}
{
 "id": "b08aa674-61f2-4d79-b5b9-60ceb90d0291",
 "name": "TypeError",
 "message": "Cannot read properties of undefined (reading 'email')",
 "stack": "TypeError: Cannot read properties of undefined (reading 'email')\n    at email (C:\\Users\\lucas\\Desktop\\Progamação\\Desenvolvimento Web\\Pasta\\nodejs\\Api-testes\\src\\routes\\auth.js:13:34)\n    at Layer.handle [as handle_request] (C:\\Users\\lucas\\Desktop\\Progamação\\Desenvolvimento Web\\Pasta\\nodejs\\Api-testes\\node_modules\\express\\lib\\router\\layer.js:95:5)\n    at next (C:\\Users\\lucas\\Desktop\\Progamação\\Desenvolvimento Web\\Pasta\\nodejs\\Api-testes\\node_modules\\express\\lib\\router\\route.js:137:13)\n    at Route.dispatch (C:\\Users\\lucas\\Desktop\\Progamação\\Desenvolvimento Web\\Pasta\\nodejs\\Api-testes\\node_modules\\express\\lib\\router\\route.js:112:3)\n    at Layer.handle [as handle_request] (C:\\Users\\lucas\\Desktop\\Progamação\\Desenvolvimento Web\\Pasta\\nodejs\\Api-testes\\node_modules\\express\\lib\\router\\layer.js:95:5)\n    at C:\\Users\\lucas\\Desktop\\Progamação\\Desenvolvimento Web\\Pasta\\nodejs\\Api-testes\\node_modules\\express\\lib\\router\\index.js:281:22\n    at Function.process_params (C:\\Users\\lucas\\Desktop\\Progamação\\Desenvolvimento Web\\Pasta\\nodejs\\Api-testes\\node_modules\\express\\lib\\router\\index.js:335:12)\n    at next (C:\\Users\\lucas\\Desktop\\Progamação\\Desenvolvimento Web\\Pasta\\nodejs\\Api-testes\\node_modules\\express\\lib\\router\\index.js:275:10)\n    at Function.handle (C:\\Users\\lucas\\Desktop\\Progamação\\Desenvolvimento Web\\Pasta\\nodejs\\Api-testes\\node_modules\\express\\lib\\router\\index.js:174:3)\n    at router (C:\\Users\\lucas\\Desktop\\Progamação\\Desenvolvimento Web\\Pasta\\nodejs\\Api-testes\\node_modules\\express\\lib\\router\\index.js:47:12)",
 "level": "error",
 "timestamp": "2022-07-19T16:53:42.200Z"
}
{
 "id": "e64bdecb-7c19-453c-818e-ad9e01799b93",
 "name": "TypeError",
 "message": "Cannot read properties of undefined (reading 'name')",
 "stack": "TypeError: Cannot read properties of undefined (reading 'name')\n    at Object.name (C:\\Users\\lucas\\Desktop\\Progamação\\Desenvolvimento Web\\Pasta\\nodejs\\Api-testes\\src\\services\\user.js:21:15)\n    at save (C:\\Users\\lucas\\Desktop\\Progamação\\Desenvolvimento Web\\Pasta\\nodejs\\Api-testes\\src\\routes\\auth.js:31:46)\n    at Layer.handle [as handle_request] (C:\\Users\\lucas\\Desktop\\Progamação\\Desenvolvimento Web\\Pasta\\nodejs\\Api-testes\\node_modules\\express\\lib\\router\\layer.js:95:5)\n    at next (C:\\Users\\lucas\\Desktop\\Progamação\\Desenvolvimento Web\\Pasta\\nodejs\\Api-testes\\node_modules\\express\\lib\\router\\route.js:137:13)\n    at Route.dispatch (C:\\Users\\lucas\\Desktop\\Progamação\\Desenvolvimento Web\\Pasta\\nodejs\\Api-testes\\node_modules\\express\\lib\\router\\route.js:112:3)\n    at Layer.handle [as handle_request] (C:\\Users\\lucas\\Desktop\\Progamação\\Desenvolvimento Web\\Pasta\\nodejs\\Api-testes\\node_modules\\express\\lib\\router\\layer.js:95:5)\n    at C:\\Users\\lucas\\Desktop\\Progamação\\Desenvolvimento Web\\Pasta\\nodejs\\Api-testes\\node_modules\\express\\lib\\router\\index.js:281:22\n    at Function.process_params (C:\\Users\\lucas\\Desktop\\Progamação\\Desenvolvimento Web\\Pasta\\nodejs\\Api-testes\\node_modules\\express\\lib\\router\\index.js:335:12)\n    at next (C:\\Users\\lucas\\Desktop\\Progamação\\Desenvolvimento Web\\Pasta\\nodejs\\Api-testes\\node_modules\\express\\lib\\router\\index.js:275:10)\n    at Function.handle (C:\\Users\\lucas\\Desktop\\Progamação\\Desenvolvimento Web\\Pasta\\nodejs\\Api-testes\\node_modules\\express\\lib\\router\\index.js:174:3)",
 "level": "error",
 "timestamp": "2022-07-19T16:54:55.498Z"
}
{
 "id": "0d1b71f6-5c67-4c09-9cb4-50361d920b50",
 "name": "TypeError",
 "message": "Cannot read properties of undefined (reading 'email')",
 "stack": "TypeError: Cannot read properties of undefined (reading 'email')\n    at email (C:\\Users\\lucas\\Desktop\\Progamação\\Desenvolvimento Web\\Pasta\\nodejs\\Api-testes\\src\\routes\\auth.js:13:34)\n    at Layer.handle [as handle_request] (C:\\Users\\lucas\\Desktop\\Progamação\\Desenvolvimento Web\\Pasta\\nodejs\\Api-testes\\node_modules\\express\\lib\\router\\layer.js:95:5)\n    at next (C:\\Users\\lucas\\Desktop\\Progamação\\Desenvolvimento Web\\Pasta\\nodejs\\Api-testes\\node_modules\\express\\lib\\router\\route.js:137:13)\n    at Route.dispatch (C:\\Users\\lucas\\Desktop\\Progamação\\Desenvolvimento Web\\Pasta\\nodejs\\Api-testes\\node_modules\\express\\lib\\router\\route.js:112:3)\n    at Layer.handle [as handle_request] (C:\\Users\\lucas\\Desktop\\Progamação\\Desenvolvimento Web\\Pasta\\nodejs\\Api-testes\\node_modules\\express\\lib\\router\\layer.js:95:5)\n    at C:\\Users\\lucas\\Desktop\\Progamação\\Desenvolvimento Web\\Pasta\\nodejs\\Api-testes\\node_modules\\express\\lib\\router\\index.js:281:22\n    at Function.process_params (C:\\Users\\lucas\\Desktop\\Progamação\\Desenvolvimento Web\\Pasta\\nodejs\\Api-testes\\node_modules\\express\\lib\\router\\index.js:335:12)\n    at next (C:\\Users\\lucas\\Desktop\\Progamação\\Desenvolvimento Web\\Pasta\\nodejs\\Api-testes\\node_modules\\express\\lib\\router\\index.js:275:10)\n    at Function.handle (C:\\Users\\lucas\\Desktop\\Progamação\\Desenvolvimento Web\\Pasta\\nodejs\\Api-testes\\node_modules\\express\\lib\\router\\index.js:174:3)\n    at router (C:\\Users\\lucas\\Desktop\\Progamação\\Desenvolvimento Web\\Pasta\\nodejs\\Api-testes\\node_modules\\express\\lib\\router\\index.js:47:12)",
 "level": "error",
 "timestamp": "2022-07-19T16:54:55.610Z"
}
{
 "id": "7a8f5dbb-31f9-4b32-8b45-9fc6b73a0d10",
 "name": "TypeError",
 "message": "Cannot read properties of undefined (reading 'name')",
 "stack": "TypeError: Cannot read properties of undefined (reading 'name')\n    at Object.name (C:\\Users\\lucas\\Desktop\\Progamação\\Desenvolvimento Web\\Pasta\\nodejs\\Api-testes\\src\\services\\user.js:21:15)\n    at save (C:\\Users\\lucas\\Desktop\\Progamação\\Desenvolvimento Web\\Pasta\\nodejs\\Api-testes\\src\\routes\\auth.js:31:46)\n    at Layer.handle [as handle_request] (C:\\Users\\lucas\\Desktop\\Progamação\\Desenvolvimento Web\\Pasta\\nodejs\\Api-testes\\node_modules\\express\\lib\\router\\layer.js:95:5)\n    at next (C:\\Users\\lucas\\Desktop\\Progamação\\Desenvolvimento Web\\Pasta\\nodejs\\Api-testes\\node_modules\\express\\lib\\router\\route.js:137:13)\n    at Route.dispatch (C:\\Users\\lucas\\Desktop\\Progamação\\Desenvolvimento Web\\Pasta\\nodejs\\Api-testes\\node_modules\\express\\lib\\router\\route.js:112:3)\n    at Layer.handle [as handle_request] (C:\\Users\\lucas\\Desktop\\Progamação\\Desenvolvimento Web\\Pasta\\nodejs\\Api-testes\\node_modules\\express\\lib\\router\\layer.js:95:5)\n    at C:\\Users\\lucas\\Desktop\\Progamação\\Desenvolvimento Web\\Pasta\\nodejs\\Api-testes\\node_modules\\express\\lib\\router\\index.js:281:22\n    at Function.process_params (C:\\Users\\lucas\\Desktop\\Progamação\\Desenvolvimento Web\\Pasta\\nodejs\\Api-testes\\node_modules\\express\\lib\\router\\index.js:335:12)\n    at next (C:\\Users\\lucas\\Desktop\\Progamação\\Desenvolvimento Web\\Pasta\\nodejs\\Api-testes\\node_modules\\express\\lib\\router\\index.js:275:10)\n    at Function.handle (C:\\Users\\lucas\\Desktop\\Progamação\\Desenvolvimento Web\\Pasta\\nodejs\\Api-testes\\node_modules\\express\\lib\\router\\index.js:174:3)",
 "level": "error",
 "timestamp": "2022-07-19T16:57:37.917Z"
}
{
 "id": "3c99fdaa-ce17-44c5-96a5-12cadb032577",
 "name": "TypeError",
 "message": "Cannot read properties of undefined (reading 'email')",
 "stack": "TypeError: Cannot read properties of undefined (reading 'email')\n    at email (C:\\Users\\lucas\\Desktop\\Progamação\\Desenvolvimento Web\\Pasta\\nodejs\\Api-testes\\src\\routes\\auth.js:13:34)\n    at Layer.handle [as handle_request] (C:\\Users\\lucas\\Desktop\\Progamação\\Desenvolvimento Web\\Pasta\\nodejs\\Api-testes\\node_modules\\express\\lib\\router\\layer.js:95:5)\n    at next (C:\\Users\\lucas\\Desktop\\Progamação\\Desenvolvimento Web\\Pasta\\nodejs\\Api-testes\\node_modules\\express\\lib\\router\\route.js:137:13)\n    at Route.dispatch (C:\\Users\\lucas\\Desktop\\Progamação\\Desenvolvimento Web\\Pasta\\nodejs\\Api-testes\\node_modules\\express\\lib\\router\\route.js:112:3)\n    at Layer.handle [as handle_request] (C:\\Users\\lucas\\Desktop\\Progamação\\Desenvolvimento Web\\Pasta\\nodejs\\Api-testes\\node_modules\\express\\lib\\router\\layer.js:95:5)\n    at C:\\Users\\lucas\\Desktop\\Progamação\\Desenvolvimento Web\\Pasta\\nodejs\\Api-testes\\node_modules\\express\\lib\\router\\index.js:281:22\n    at Function.process_params (C:\\Users\\lucas\\Desktop\\Progamação\\Desenvolvimento Web\\Pasta\\nodejs\\Api-testes\\node_modules\\express\\lib\\router\\index.js:335:12)\n    at next (C:\\Users\\lucas\\Desktop\\Progamação\\Desenvolvimento Web\\Pasta\\nodejs\\Api-testes\\node_modules\\express\\lib\\router\\index.js:275:10)\n    at Function.handle (C:\\Users\\lucas\\Desktop\\Progamação\\Desenvolvimento Web\\Pasta\\nodejs\\Api-testes\\node_modules\\express\\lib\\router\\index.js:174:3)\n    at router (C:\\Users\\lucas\\Desktop\\Progamação\\Desenvolvimento Web\\Pasta\\nodejs\\Api-testes\\node_modules\\express\\lib\\router\\index.js:47:12)",
 "level": "error",
 "timestamp": "2022-07-19T16:57:47.979Z"
}
{
 "id": "ea25af6f-5d98-4aca-bb42-806f44549a73",
 "name": "TypeError",
 "message": "Cannot read properties of undefined (reading 'name')",
 "stack": "TypeError: Cannot read properties of undefined (reading 'name')\n    at Object.name (C:\\Users\\lucas\\Desktop\\Progamação\\Desenvolvimento Web\\Pasta\\nodejs\\Api-testes\\src\\services\\user.js:21:15)\n    at save (C:\\Users\\lucas\\Desktop\\Progamação\\Desenvolvimento Web\\Pasta\\nodejs\\Api-testes\\src\\routes\\auth.js:31:46)\n    at Layer.handle [as handle_request] (C:\\Users\\lucas\\Desktop\\Progamação\\Desenvolvimento Web\\Pasta\\nodejs\\Api-testes\\node_modules\\express\\lib\\router\\layer.js:95:5)\n    at next (C:\\Users\\lucas\\Desktop\\Progamação\\Desenvolvimento Web\\Pasta\\nodejs\\Api-testes\\node_modules\\express\\lib\\router\\route.js:137:13)\n    at Route.dispatch (C:\\Users\\lucas\\Desktop\\Progamação\\Desenvolvimento Web\\Pasta\\nodejs\\Api-testes\\node_modules\\express\\lib\\router\\route.js:112:3)\n    at Layer.handle [as handle_request] (C:\\Users\\lucas\\Desktop\\Progamação\\Desenvolvimento Web\\Pasta\\nodejs\\Api-testes\\node_modules\\express\\lib\\router\\layer.js:95:5)\n    at C:\\Users\\lucas\\Desktop\\Progamação\\Desenvolvimento Web\\Pasta\\nodejs\\Api-testes\\node_modules\\express\\lib\\router\\index.js:281:22\n    at Function.process_params (C:\\Users\\lucas\\Desktop\\Progamação\\Desenvolvimento Web\\Pasta\\nodejs\\Api-testes\\node_modules\\express\\lib\\router\\index.js:335:12)\n    at next (C:\\Users\\lucas\\Desktop\\Progamação\\Desenvolvimento Web\\Pasta\\nodejs\\Api-testes\\node_modules\\express\\lib\\router\\index.js:275:10)\n    at Function.handle (C:\\Users\\lucas\\Desktop\\Progamação\\Desenvolvimento Web\\Pasta\\nodejs\\Api-testes\\node_modules\\express\\lib\\router\\index.js:174:3)",
 "level": "error",
 "timestamp": "2022-07-19T16:58:23.245Z"
}
{
 "id": "286519ed-c671-47ae-954a-de9a488c587c",
 "name": "TypeError",
 "message": "Cannot read properties of undefined (reading 'email')",
 "stack": "TypeError: Cannot read properties of undefined (reading 'email')\n    at email (C:\\Users\\lucas\\Desktop\\Progamação\\Desenvolvimento Web\\Pasta\\nodejs\\Api-testes\\src\\routes\\auth.js:13:34)\n    at Layer.handle [as handle_request] (C:\\Users\\lucas\\Desktop\\Progamação\\Desenvolvimento Web\\Pasta\\nodejs\\Api-testes\\node_modules\\express\\lib\\router\\layer.js:95:5)\n    at next (C:\\Users\\lucas\\Desktop\\Progamação\\Desenvolvimento Web\\Pasta\\nodejs\\Api-testes\\node_modules\\express\\lib\\router\\route.js:137:13)\n    at Route.dispatch (C:\\Users\\lucas\\Desktop\\Progamação\\Desenvolvimento Web\\Pasta\\nodejs\\Api-testes\\node_modules\\express\\lib\\router\\route.js:112:3)\n    at Layer.handle [as handle_request] (C:\\Users\\lucas\\Desktop\\Progamação\\Desenvolvimento Web\\Pasta\\nodejs\\Api-testes\\node_modules\\express\\lib\\router\\layer.js:95:5)\n    at C:\\Users\\lucas\\Desktop\\Progamação\\Desenvolvimento Web\\Pasta\\nodejs\\Api-testes\\node_modules\\express\\lib\\router\\index.js:281:22\n    at Function.process_params (C:\\Users\\lucas\\Desktop\\Progamação\\Desenvolvimento Web\\Pasta\\nodejs\\Api-testes\\node_modules\\express\\lib\\router\\index.js:335:12)\n    at next (C:\\Users\\lucas\\Desktop\\Progamação\\Desenvolvimento Web\\Pasta\\nodejs\\Api-testes\\node_modules\\express\\lib\\router\\index.js:275:10)\n    at Function.handle (C:\\Users\\lucas\\Desktop\\Progamação\\Desenvolvimento Web\\Pasta\\nodejs\\Api-testes\\node_modules\\express\\lib\\router\\index.js:174:3)\n    at router (C:\\Users\\lucas\\Desktop\\Progamação\\Desenvolvimento Web\\Pasta\\nodejs\\Api-testes\\node_modules\\express\\lib\\router\\index.js:47:12)",
 "level": "error",
 "timestamp": "2022-07-19T16:58:33.305Z"
}
{
 "id": "2fb6259c-6ec8-4e9b-8b6f-6d4781f08a95",
 "name": "TypeError",
 "message": "Cannot read properties of undefined (reading 'name')",
 "stack": "TypeError: Cannot read properties of undefined (reading 'name')\n    at Object.name (C:\\Users\\lucas\\Desktop\\Progamação\\Desenvolvimento Web\\Pasta\\nodejs\\Api-testes\\src\\services\\user.js:21:15)\n    at save (C:\\Users\\lucas\\Desktop\\Progamação\\Desenvolvimento Web\\Pasta\\nodejs\\Api-testes\\src\\routes\\auth.js:31:46)\n    at Layer.handle [as handle_request] (C:\\Users\\lucas\\Desktop\\Progamação\\Desenvolvimento Web\\Pasta\\nodejs\\Api-testes\\node_modules\\express\\lib\\router\\layer.js:95:5)\n    at next (C:\\Users\\lucas\\Desktop\\Progamação\\Desenvolvimento Web\\Pasta\\nodejs\\Api-testes\\node_modules\\express\\lib\\router\\route.js:137:13)\n    at Route.dispatch (C:\\Users\\lucas\\Desktop\\Progamação\\Desenvolvimento Web\\Pasta\\nodejs\\Api-testes\\node_modules\\express\\lib\\router\\route.js:112:3)\n    at Layer.handle [as handle_request] (C:\\Users\\lucas\\Desktop\\Progamação\\Desenvolvimento Web\\Pasta\\nodejs\\Api-testes\\node_modules\\express\\lib\\router\\layer.js:95:5)\n    at C:\\Users\\lucas\\Desktop\\Progamação\\Desenvolvimento Web\\Pasta\\nodejs\\Api-testes\\node_modules\\express\\lib\\router\\index.js:281:22\n    at Function.process_params (C:\\Users\\lucas\\Desktop\\Progamação\\Desenvolvimento Web\\Pasta\\nodejs\\Api-testes\\node_modules\\express\\lib\\router\\index.js:335:12)\n    at next (C:\\Users\\lucas\\Desktop\\Progamação\\Desenvolvimento Web\\Pasta\\nodejs\\Api-testes\\node_modules\\express\\lib\\router\\index.js:275:10)\n    at Function.handle (C:\\Users\\lucas\\Desktop\\Progamação\\Desenvolvimento Web\\Pasta\\nodejs\\Api-testes\\node_modules\\express\\lib\\router\\index.js:174:3)",
 "level": "error",
 "timestamp": "2022-07-19T16:59:31.891Z"
}
{
 "id": "cc5a959c-08d7-4984-b235-0545f5fa0026",
 "name": "TypeError",
 "message": "Cannot read properties of undefined (reading 'email')",
 "stack": "TypeError: Cannot read properties of undefined (reading 'email')\n    at email (C:\\Users\\lucas\\Desktop\\Progamação\\Desenvolvimento Web\\Pasta\\nodejs\\Api-testes\\src\\routes\\auth.js:13:34)\n    at Layer.handle [as handle_request] (C:\\Users\\lucas\\Desktop\\Progamação\\Desenvolvimento Web\\Pasta\\nodejs\\Api-testes\\node_modules\\express\\lib\\router\\layer.js:95:5)\n    at next (C:\\Users\\lucas\\Desktop\\Progamação\\Desenvolvimento Web\\Pasta\\nodejs\\Api-testes\\node_modules\\express\\lib\\router\\route.js:137:13)\n    at Route.dispatch (C:\\Users\\lucas\\Desktop\\Progamação\\Desenvolvimento Web\\Pasta\\nodejs\\Api-testes\\node_modules\\express\\lib\\router\\route.js:112:3)\n    at Layer.handle [as handle_request] (C:\\Users\\lucas\\Desktop\\Progamação\\Desenvolvimento Web\\Pasta\\nodejs\\Api-testes\\node_modules\\express\\lib\\router\\layer.js:95:5)\n    at C:\\Users\\lucas\\Desktop\\Progamação\\Desenvolvimento Web\\Pasta\\nodejs\\Api-testes\\node_modules\\express\\lib\\router\\index.js:281:22\n    at Function.process_params (C:\\Users\\lucas\\Desktop\\Progamação\\Desenvolvimento Web\\Pasta\\nodejs\\Api-testes\\node_modules\\express\\lib\\router\\index.js:335:12)\n    at next (C:\\Users\\lucas\\Desktop\\Progamação\\Desenvolvimento Web\\Pasta\\nodejs\\Api-testes\\node_modules\\express\\lib\\router\\index.js:275:10)\n    at Function.handle (C:\\Users\\lucas\\Desktop\\Progamação\\Desenvolvimento Web\\Pasta\\nodejs\\Api-testes\\node_modules\\express\\lib\\router\\index.js:174:3)\n    at router (C:\\Users\\lucas\\Desktop\\Progamação\\Desenvolvimento Web\\Pasta\\nodejs\\Api-testes\\node_modules\\express\\lib\\router\\index.js:47:12)",
 "level": "error",
 "timestamp": "2022-07-19T16:59:41.963Z"
}
{
 "id": "35c287c4-4908-4622-b695-3f1f9b705aac",
 "name": "TypeError",
 "message": "Cannot read properties of undefined (reading 'name')",
 "stack": "TypeError: Cannot read properties of undefined (reading 'name')\n    at Object.name (C:\\Users\\lucas\\Desktop\\Progamação\\Desenvolvimento Web\\Pasta\\nodejs\\Api-testes\\src\\services\\user.js:21:15)\n    at save (C:\\Users\\lucas\\Desktop\\Progamação\\Desenvolvimento Web\\Pasta\\nodejs\\Api-testes\\src\\routes\\auth.js:31:46)\n    at Layer.handle [as handle_request] (C:\\Users\\lucas\\Desktop\\Progamação\\Desenvolvimento Web\\Pasta\\nodejs\\Api-testes\\node_modules\\express\\lib\\router\\layer.js:95:5)\n    at next (C:\\Users\\lucas\\Desktop\\Progamação\\Desenvolvimento Web\\Pasta\\nodejs\\Api-testes\\node_modules\\express\\lib\\router\\route.js:137:13)\n    at Route.dispatch (C:\\Users\\lucas\\Desktop\\Progamação\\Desenvolvimento Web\\Pasta\\nodejs\\Api-testes\\node_modules\\express\\lib\\router\\route.js:112:3)\n    at Layer.handle [as handle_request] (C:\\Users\\lucas\\Desktop\\Progamação\\Desenvolvimento Web\\Pasta\\nodejs\\Api-testes\\node_modules\\express\\lib\\router\\layer.js:95:5)\n    at C:\\Users\\lucas\\Desktop\\Progamação\\Desenvolvimento Web\\Pasta\\nodejs\\Api-testes\\node_modules\\express\\lib\\router\\index.js:281:22\n    at Function.process_params (C:\\Users\\lucas\\Desktop\\Progamação\\Desenvolvimento Web\\Pasta\\nodejs\\Api-testes\\node_modules\\express\\lib\\router\\index.js:335:12)\n    at next (C:\\Users\\lucas\\Desktop\\Progamação\\Desenvolvimento Web\\Pasta\\nodejs\\Api-testes\\node_modules\\express\\lib\\router\\index.js:275:10)\n    at Function.handle (C:\\Users\\lucas\\Desktop\\Progamação\\Desenvolvimento Web\\Pasta\\nodejs\\Api-testes\\node_modules\\express\\lib\\router\\index.js:174:3)",
 "level": "error",
 "timestamp": "2022-07-19T17:05:21.380Z"
}
{
 "id": "298bbfc3-a991-4cd9-8e50-7b534298bb26",
 "name": "TypeError",
 "message": "Cannot read properties of undefined (reading 'email')",
 "stack": "TypeError: Cannot read properties of undefined (reading 'email')\n    at email (C:\\Users\\lucas\\Desktop\\Progamação\\Desenvolvimento Web\\Pasta\\nodejs\\Api-testes\\src\\routes\\auth.js:13:34)\n    at Layer.handle [as handle_request] (C:\\Users\\lucas\\Desktop\\Progamação\\Desenvolvimento Web\\Pasta\\nodejs\\Api-testes\\node_modules\\express\\lib\\router\\layer.js:95:5)\n    at next (C:\\Users\\lucas\\Desktop\\Progamação\\Desenvolvimento Web\\Pasta\\nodejs\\Api-testes\\node_modules\\express\\lib\\router\\route.js:137:13)\n    at Route.dispatch (C:\\Users\\lucas\\Desktop\\Progamação\\Desenvolvimento Web\\Pasta\\nodejs\\Api-testes\\node_modules\\express\\lib\\router\\route.js:112:3)\n    at Layer.handle [as handle_request] (C:\\Users\\lucas\\Desktop\\Progamação\\Desenvolvimento Web\\Pasta\\nodejs\\Api-testes\\node_modules\\express\\lib\\router\\layer.js:95:5)\n    at C:\\Users\\lucas\\Desktop\\Progamação\\Desenvolvimento Web\\Pasta\\nodejs\\Api-testes\\node_modules\\express\\lib\\router\\index.js:281:22\n    at Function.process_params (C:\\Users\\lucas\\Desktop\\Progamação\\Desenvolvimento Web\\Pasta\\nodejs\\Api-testes\\node_modules\\express\\lib\\router\\index.js:335:12)\n    at next (C:\\Users\\lucas\\Desktop\\Progamação\\Desenvolvimento Web\\Pasta\\nodejs\\Api-testes\\node_modules\\express\\lib\\router\\index.js:275:10)\n    at Function.handle (C:\\Users\\lucas\\Desktop\\Progamação\\Desenvolvimento Web\\Pasta\\nodejs\\Api-testes\\node_modules\\express\\lib\\router\\index.js:174:3)\n    at router (C:\\Users\\lucas\\Desktop\\Progamação\\Desenvolvimento Web\\Pasta\\nodejs\\Api-testes\\node_modules\\express\\lib\\router\\index.js:47:12)",
 "level": "error",
 "timestamp": "2022-07-19T17:05:31.430Z"
}
{
 "id": "81804a8a-bd0a-4303-a1cb-f2b339829287",
 "name": "TypeError",
 "message": "Cannot read properties of undefined (reading 'name')",
 "stack": "TypeError: Cannot read properties of undefined (reading 'name')\n    at Object.name (C:\\Users\\lucas\\Desktop\\Progamação\\Desenvolvimento Web\\Pasta\\nodejs\\Api-testes\\src\\services\\user.js:21:15)\n    at save (C:\\Users\\lucas\\Desktop\\Progamação\\Desenvolvimento Web\\Pasta\\nodejs\\Api-testes\\src\\routes\\auth.js:31:46)\n    at Layer.handle [as handle_request] (C:\\Users\\lucas\\Desktop\\Progamação\\Desenvolvimento Web\\Pasta\\nodejs\\Api-testes\\node_modules\\express\\lib\\router\\layer.js:95:5)\n    at next (C:\\Users\\lucas\\Desktop\\Progamação\\Desenvolvimento Web\\Pasta\\nodejs\\Api-testes\\node_modules\\express\\lib\\router\\route.js:137:13)\n    at Route.dispatch (C:\\Users\\lucas\\Desktop\\Progamação\\Desenvolvimento Web\\Pasta\\nodejs\\Api-testes\\node_modules\\express\\lib\\router\\route.js:112:3)\n    at Layer.handle [as handle_request] (C:\\Users\\lucas\\Desktop\\Progamação\\Desenvolvimento Web\\Pasta\\nodejs\\Api-testes\\node_modules\\express\\lib\\router\\layer.js:95:5)\n    at C:\\Users\\lucas\\Desktop\\Progamação\\Desenvolvimento Web\\Pasta\\nodejs\\Api-testes\\node_modules\\express\\lib\\router\\index.js:281:22\n    at Function.process_params (C:\\Users\\lucas\\Desktop\\Progamação\\Desenvolvimento Web\\Pasta\\nodejs\\Api-testes\\node_modules\\express\\lib\\router\\index.js:335:12)\n    at next (C:\\Users\\lucas\\Desktop\\Progamação\\Desenvolvimento Web\\Pasta\\nodejs\\Api-testes\\node_modules\\express\\lib\\router\\index.js:275:10)\n    at Function.handle (C:\\Users\\lucas\\Desktop\\Progamação\\Desenvolvimento Web\\Pasta\\nodejs\\Api-testes\\node_modules\\express\\lib\\router\\index.js:174:3)",
 "level": "error",
 "timestamp": "2022-07-19T17:06:08.727Z"
}
{
 "id": "ce3216e4-85ad-4afa-9919-1547065269f1",
 "name": "TypeError",
 "message": "Cannot read properties of undefined (reading 'name')",
 "stack": "TypeError: Cannot read properties of undefined (reading 'name')\n    at Object.name (C:\\Users\\lucas\\Desktop\\Progamação\\Desenvolvimento Web\\Pasta\\nodejs\\Api-testes\\src\\services\\user.js:21:15)\n    at save (C:\\Users\\lucas\\Desktop\\Progamação\\Desenvolvimento Web\\Pasta\\nodejs\\Api-testes\\src\\routes\\auth.js:31:46)\n    at Layer.handle [as handle_request] (C:\\Users\\lucas\\Desktop\\Progamação\\Desenvolvimento Web\\Pasta\\nodejs\\Api-testes\\node_modules\\express\\lib\\router\\layer.js:95:5)\n    at next (C:\\Users\\lucas\\Desktop\\Progamação\\Desenvolvimento Web\\Pasta\\nodejs\\Api-testes\\node_modules\\express\\lib\\router\\route.js:137:13)\n    at Route.dispatch (C:\\Users\\lucas\\Desktop\\Progamação\\Desenvolvimento Web\\Pasta\\nodejs\\Api-testes\\node_modules\\express\\lib\\router\\route.js:112:3)\n    at Layer.handle [as handle_request] (C:\\Users\\lucas\\Desktop\\Progamação\\Desenvolvimento Web\\Pasta\\nodejs\\Api-testes\\node_modules\\express\\lib\\router\\layer.js:95:5)\n    at C:\\Users\\lucas\\Desktop\\Progamação\\Desenvolvimento Web\\Pasta\\nodejs\\Api-testes\\node_modules\\express\\lib\\router\\index.js:281:22\n    at Function.process_params (C:\\Users\\lucas\\Desktop\\Progamação\\Desenvolvimento Web\\Pasta\\nodejs\\Api-testes\\node_modules\\express\\lib\\router\\index.js:335:12)\n    at next (C:\\Users\\lucas\\Desktop\\Progamação\\Desenvolvimento Web\\Pasta\\nodejs\\Api-testes\\node_modules\\express\\lib\\router\\index.js:275:10)\n    at Function.handle (C:\\Users\\lucas\\Desktop\\Progamação\\Desenvolvimento Web\\Pasta\\nodejs\\Api-testes\\node_modules\\express\\lib\\router\\index.js:174:3)",
 "level": "error",
 "timestamp": "2022-07-19T17:08:25.966Z"
}
{
 "id": "f0c2ebe7-37d4-4207-9044-14f3ee24cec0",
 "name": "TypeError",
 "message": "Cannot read properties of undefined (reading 'email')",
 "stack": "TypeError: Cannot read properties of undefined (reading 'email')\n    at email (C:\\Users\\lucas\\Desktop\\Progamação\\Desenvolvimento Web\\Pasta\\nodejs\\Api-testes\\src\\routes\\auth.js:13:34)\n    at Layer.handle [as handle_request] (C:\\Users\\lucas\\Desktop\\Progamação\\Desenvolvimento Web\\Pasta\\nodejs\\Api-testes\\node_modules\\express\\lib\\router\\layer.js:95:5)\n    at next (C:\\Users\\lucas\\Desktop\\Progamação\\Desenvolvimento Web\\Pasta\\nodejs\\Api-testes\\node_modules\\express\\lib\\router\\route.js:137:13)\n    at Route.dispatch (C:\\Users\\lucas\\Desktop\\Progamação\\Desenvolvimento Web\\Pasta\\nodejs\\Api-testes\\node_modules\\express\\lib\\router\\route.js:112:3)\n    at Layer.handle [as handle_request] (C:\\Users\\lucas\\Desktop\\Progamação\\Desenvolvimento Web\\Pasta\\nodejs\\Api-testes\\node_modules\\express\\lib\\router\\layer.js:95:5)\n    at C:\\Users\\lucas\\Desktop\\Progamação\\Desenvolvimento Web\\Pasta\\nodejs\\Api-testes\\node_modules\\express\\lib\\router\\index.js:281:22\n    at Function.process_params (C:\\Users\\lucas\\Desktop\\Progamação\\Desenvolvimento Web\\Pasta\\nodejs\\Api-testes\\node_modules\\express\\lib\\router\\index.js:335:12)\n    at next (C:\\Users\\lucas\\Desktop\\Progamação\\Desenvolvimento Web\\Pasta\\nodejs\\Api-testes\\node_modules\\express\\lib\\router\\index.js:275:10)\n    at Function.handle (C:\\Users\\lucas\\Desktop\\Progamação\\Desenvolvimento Web\\Pasta\\nodejs\\Api-testes\\node_modules\\express\\lib\\router\\index.js:174:3)\n    at router (C:\\Users\\lucas\\Desktop\\Progamação\\Desenvolvimento Web\\Pasta\\nodejs\\Api-testes\\node_modules\\express\\lib\\router\\index.js:47:12)",
 "level": "error",
 "timestamp": "2022-07-19T17:08:36.024Z"
}
{
 "id": "0611fe0f-f290-4079-bbc1-625c156df043",
 "name": "TypeError",
 "message": "Cannot read properties of undefined (reading 'name')",
 "stack": "TypeError: Cannot read properties of undefined (reading 'name')\n    at Object.name (C:\\Users\\lucas\\Desktop\\Progamação\\Desenvolvimento Web\\Pasta\\nodejs\\Api-testes\\src\\services\\user.js:21:15)\n    at save (C:\\Users\\lucas\\Desktop\\Progamação\\Desenvolvimento Web\\Pasta\\nodejs\\Api-testes\\src\\routes\\auth.js:31:46)\n    at Layer.handle [as handle_request] (C:\\Users\\lucas\\Desktop\\Progamação\\Desenvolvimento Web\\Pasta\\nodejs\\Api-testes\\node_modules\\express\\lib\\router\\layer.js:95:5)\n    at next (C:\\Users\\lucas\\Desktop\\Progamação\\Desenvolvimento Web\\Pasta\\nodejs\\Api-testes\\node_modules\\express\\lib\\router\\route.js:137:13)\n    at Route.dispatch (C:\\Users\\lucas\\Desktop\\Progamação\\Desenvolvimento Web\\Pasta\\nodejs\\Api-testes\\node_modules\\express\\lib\\router\\route.js:112:3)\n    at Layer.handle [as handle_request] (C:\\Users\\lucas\\Desktop\\Progamação\\Desenvolvimento Web\\Pasta\\nodejs\\Api-testes\\node_modules\\express\\lib\\router\\layer.js:95:5)\n    at C:\\Users\\lucas\\Desktop\\Progamação\\Desenvolvimento Web\\Pasta\\nodejs\\Api-testes\\node_modules\\express\\lib\\router\\index.js:281:22\n    at Function.process_params (C:\\Users\\lucas\\Desktop\\Progamação\\Desenvolvimento Web\\Pasta\\nodejs\\Api-testes\\node_modules\\express\\lib\\router\\index.js:335:12)\n    at next (C:\\Users\\lucas\\Desktop\\Progamação\\Desenvolvimento Web\\Pasta\\nodejs\\Api-testes\\node_modules\\express\\lib\\router\\index.js:275:10)\n    at Function.handle (C:\\Users\\lucas\\Desktop\\Progamação\\Desenvolvimento Web\\Pasta\\nodejs\\Api-testes\\node_modules\\express\\lib\\router\\index.js:174:3)",
 "level": "error",
 "timestamp": "2022-07-19T17:23:07.503Z"
}
{
 "id": "1971e92f-1d74-4435-a153-33ab2f759d9b",
 "name": "TypeError",
 "message": "Cannot read properties of undefined (reading 'email')",
 "stack": "TypeError: Cannot read properties of undefined (reading 'email')\n    at email (C:\\Users\\lucas\\Desktop\\Progamação\\Desenvolvimento Web\\Pasta\\nodejs\\Api-testes\\src\\routes\\auth.js:13:34)\n    at Layer.handle [as handle_request] (C:\\Users\\lucas\\Desktop\\Progamação\\Desenvolvimento Web\\Pasta\\nodejs\\Api-testes\\node_modules\\express\\lib\\router\\layer.js:95:5)\n    at next (C:\\Users\\lucas\\Desktop\\Progamação\\Desenvolvimento Web\\Pasta\\nodejs\\Api-testes\\node_modules\\express\\lib\\router\\route.js:137:13)\n    at Route.dispatch (C:\\Users\\lucas\\Desktop\\Progamação\\Desenvolvimento Web\\Pasta\\nodejs\\Api-testes\\node_modules\\express\\lib\\router\\route.js:112:3)\n    at Layer.handle [as handle_request] (C:\\Users\\lucas\\Desktop\\Progamação\\Desenvolvimento Web\\Pasta\\nodejs\\Api-testes\\node_modules\\express\\lib\\router\\layer.js:95:5)\n    at C:\\Users\\lucas\\Desktop\\Progamação\\Desenvolvimento Web\\Pasta\\nodejs\\Api-testes\\node_modules\\express\\lib\\router\\index.js:281:22\n    at Function.process_params (C:\\Users\\lucas\\Desktop\\Progamação\\Desenvolvimento Web\\Pasta\\nodejs\\Api-testes\\node_modules\\express\\lib\\router\\index.js:335:12)\n    at next (C:\\Users\\lucas\\Desktop\\Progamação\\Desenvolvimento Web\\Pasta\\nodejs\\Api-testes\\node_modules\\express\\lib\\router\\index.js:275:10)\n    at Function.handle (C:\\Users\\lucas\\Desktop\\Progamação\\Desenvolvimento Web\\Pasta\\nodejs\\Api-testes\\node_modules\\express\\lib\\router\\index.js:174:3)\n    at router (C:\\Users\\lucas\\Desktop\\Progamação\\Desenvolvimento Web\\Pasta\\nodejs\\Api-testes\\node_modules\\express\\lib\\router\\index.js:47:12)",
 "level": "error",
 "timestamp": "2022-07-19T17:23:17.557Z"
}
{
 "id": "67cecf4a-89a2-48e5-831e-a423ed580b38",
 "name": "TypeError",
 "message": "app.db is not a function",
 "stack": "TypeError: app.db is not a function\n    at Object.findAll (C:\\Users\\lucas\\Desktop\\Progamação\\Desenvolvimento Web\\Pasta\\nodejs\\Api-testes\\src\\services\\user.js:8:16)\n    at C:\\Users\\lucas\\Desktop\\Progamação\\Desenvolvimento Web\\Pasta\\nodejs\\Api-testes\\src\\routes\\users.js:8:8\n    at Layer.handle [as handle_request] (C:\\Users\\lucas\\Desktop\\Progamação\\Desenvolvimento Web\\Pasta\\nodejs\\Api-testes\\node_modules\\express\\lib\\router\\layer.js:95:5)\n    at next (C:\\Users\\lucas\\Desktop\\Progamação\\Desenvolvimento Web\\Pasta\\nodejs\\Api-testes\\node_modules\\express\\lib\\router\\route.js:137:13)\n    at Route.dispatch (C:\\Users\\lucas\\Desktop\\Progamação\\Desenvolvimento Web\\Pasta\\nodejs\\Api-testes\\node_modules\\express\\lib\\router\\route.js:112:3)\n    at Layer.handle [as handle_request] (C:\\Users\\lucas\\Desktop\\Progamação\\Desenvolvimento Web\\Pasta\\nodejs\\Api-testes\\node_modules\\express\\lib\\router\\layer.js:95:5)\n    at C:\\Users\\lucas\\Desktop\\Progamação\\Desenvolvimento Web\\Pasta\\nodejs\\Api-testes\\node_modules\\express\\lib\\router\\index.js:281:22\n    at Function.process_params (C:\\Users\\lucas\\Desktop\\Progamação\\Desenvolvimento Web\\Pasta\\nodejs\\Api-testes\\node_modules\\express\\lib\\router\\index.js:335:12)\n    at next (C:\\Users\\lucas\\Desktop\\Progamação\\Desenvolvimento Web\\Pasta\\nodejs\\Api-testes\\node_modules\\express\\lib\\router\\index.js:275:10)\n    at Function.handle (C:\\Users\\lucas\\Desktop\\Progamação\\Desenvolvimento Web\\Pasta\\nodejs\\Api-testes\\node_modules\\express\\lib\\router\\index.js:174:3)",
 "level": "error",
 "timestamp": "2022-07-19T17:37:09.541Z"
}
{
 "id": "c45d56c6-6bd6-4f2b-9619-d11433e4b68c",
 "name": "TypeError",
 "message": "app.db is not a function",
 "stack": "TypeError: app.db is not a function\n    at Object.findAll (C:\\Users\\lucas\\Desktop\\Progamação\\Desenvolvimento Web\\Pasta\\nodejs\\Api-testes\\src\\services\\user.js:8:16)\n    at C:\\Users\\lucas\\Desktop\\Progamação\\Desenvolvimento Web\\Pasta\\nodejs\\Api-testes\\src\\routes\\users.js:8:8\n    at Layer.handle [as handle_request] (C:\\Users\\lucas\\Desktop\\Progamação\\Desenvolvimento Web\\Pasta\\nodejs\\Api-testes\\node_modules\\express\\lib\\router\\layer.js:95:5)\n    at next (C:\\Users\\lucas\\Desktop\\Progamação\\Desenvolvimento Web\\Pasta\\nodejs\\Api-testes\\node_modules\\express\\lib\\router\\route.js:137:13)\n    at Route.dispatch (C:\\Users\\lucas\\Desktop\\Progamação\\Desenvolvimento Web\\Pasta\\nodejs\\Api-testes\\node_modules\\express\\lib\\router\\route.js:112:3)\n    at Layer.handle [as handle_request] (C:\\Users\\lucas\\Desktop\\Progamação\\Desenvolvimento Web\\Pasta\\nodejs\\Api-testes\\node_modules\\express\\lib\\router\\layer.js:95:5)\n    at C:\\Users\\lucas\\Desktop\\Progamação\\Desenvolvimento Web\\Pasta\\nodejs\\Api-testes\\node_modules\\express\\lib\\router\\index.js:281:22\n    at Function.process_params (C:\\Users\\lucas\\Desktop\\Progamação\\Desenvolvimento Web\\Pasta\\nodejs\\Api-testes\\node_modules\\express\\lib\\router\\index.js:335:12)\n    at next (C:\\Users\\lucas\\Desktop\\Progamação\\Desenvolvimento Web\\Pasta\\nodejs\\Api-testes\\node_modules\\express\\lib\\router\\index.js:275:10)\n    at Function.handle (C:\\Users\\lucas\\Desktop\\Progamação\\Desenvolvimento Web\\Pasta\\nodejs\\Api-testes\\node_modules\\express\\lib\\router\\index.js:174:3)",
 "level": "error",
 "timestamp": "2022-07-19T17:38:02.626Z"
}
{
 "id": "747f1382-56b5-4c26-a2ca-61039360d1a3",
 "name": "TypeError",
 "message": "app.db is not a function",
 "stack": "TypeError: app.db is not a function\n    at Object.findAll (C:\\Users\\lucas\\Desktop\\Progamação\\Desenvolvimento Web\\Pasta\\nodejs\\Api-testes\\src\\services\\user.js:8:16)\n    at C:\\Users\\lucas\\Desktop\\Progamação\\Desenvolvimento Web\\Pasta\\nodejs\\Api-testes\\src\\routes\\users.js:8:8\n    at Layer.handle [as handle_request] (C:\\Users\\lucas\\Desktop\\Progamação\\Desenvolvimento Web\\Pasta\\nodejs\\Api-testes\\node_modules\\express\\lib\\router\\layer.js:95:5)\n    at next (C:\\Users\\lucas\\Desktop\\Progamação\\Desenvolvimento Web\\Pasta\\nodejs\\Api-testes\\node_modules\\express\\lib\\router\\route.js:137:13)\n    at Route.dispatch (C:\\Users\\lucas\\Desktop\\Progamação\\Desenvolvimento Web\\Pasta\\nodejs\\Api-testes\\node_modules\\express\\lib\\router\\route.js:112:3)\n    at Layer.handle [as handle_request] (C:\\Users\\lucas\\Desktop\\Progamação\\Desenvolvimento Web\\Pasta\\nodejs\\Api-testes\\node_modules\\express\\lib\\router\\layer.js:95:5)\n    at C:\\Users\\lucas\\Desktop\\Progamação\\Desenvolvimento Web\\Pasta\\nodejs\\Api-testes\\node_modules\\express\\lib\\router\\index.js:281:22\n    at Function.process_params (C:\\Users\\lucas\\Desktop\\Progamação\\Desenvolvimento Web\\Pasta\\nodejs\\Api-testes\\node_modules\\express\\lib\\router\\index.js:335:12)\n    at next (C:\\Users\\lucas\\Desktop\\Progamação\\Desenvolvimento Web\\Pasta\\nodejs\\Api-testes\\node_modules\\express\\lib\\router\\index.js:275:10)\n    at Function.handle (C:\\Users\\lucas\\Desktop\\Progamação\\Desenvolvimento Web\\Pasta\\nodejs\\Api-testes\\node_modules\\express\\lib\\router\\index.js:174:3)",
 "level": "error",
 "timestamp": "2022-07-19T17:38:03.957Z"
}
{
 "id": "11e86e31-2ee9-4dbf-b435-740f45c539ea",
 "name": "TypeError",
 "message": "app.db is not a function",
 "stack": "TypeError: app.db is not a function\n    at Object.findAll (C:\\Users\\lucas\\Desktop\\Progamação\\Desenvolvimento Web\\Pasta\\nodejs\\Api-testes\\src\\services\\user.js:8:16)\n    at C:\\Users\\lucas\\Desktop\\Progamação\\Desenvolvimento Web\\Pasta\\nodejs\\Api-testes\\src\\routes\\users.js:8:8\n    at Layer.handle [as handle_request] (C:\\Users\\lucas\\Desktop\\Progamação\\Desenvolvimento Web\\Pasta\\nodejs\\Api-testes\\node_modules\\express\\lib\\router\\layer.js:95:5)\n    at next (C:\\Users\\lucas\\Desktop\\Progamação\\Desenvolvimento Web\\Pasta\\nodejs\\Api-testes\\node_modules\\express\\lib\\router\\route.js:137:13)\n    at Route.dispatch (C:\\Users\\lucas\\Desktop\\Progamação\\Desenvolvimento Web\\Pasta\\nodejs\\Api-testes\\node_modules\\express\\lib\\router\\route.js:112:3)\n    at Layer.handle [as handle_request] (C:\\Users\\lucas\\Desktop\\Progamação\\Desenvolvimento Web\\Pasta\\nodejs\\Api-testes\\node_modules\\express\\lib\\router\\layer.js:95:5)\n    at C:\\Users\\lucas\\Desktop\\Progamação\\Desenvolvimento Web\\Pasta\\nodejs\\Api-testes\\node_modules\\express\\lib\\router\\index.js:281:22\n    at Function.process_params (C:\\Users\\lucas\\Desktop\\Progamação\\Desenvolvimento Web\\Pasta\\nodejs\\Api-testes\\node_modules\\express\\lib\\router\\index.js:335:12)\n    at next (C:\\Users\\lucas\\Desktop\\Progamação\\Desenvolvimento Web\\Pasta\\nodejs\\Api-testes\\node_modules\\express\\lib\\router\\index.js:275:10)\n    at Function.handle (C:\\Users\\lucas\\Desktop\\Progamação\\Desenvolvimento Web\\Pasta\\nodejs\\Api-testes\\node_modules\\express\\lib\\router\\index.js:174:3)",
 "level": "error",
 "timestamp": "2022-07-19T17:38:04.513Z"
}
{
 "id": "36e2d3f3-fa8b-4346-b044-b79cc2e6b1cf",
 "name": "TypeError",
 "message": "app.db is not a function",
 "stack": "TypeError: app.db is not a function\n    at Object.findAll (C:\\Users\\lucas\\Desktop\\Progamação\\Desenvolvimento Web\\Pasta\\nodejs\\Api-testes\\src\\services\\user.js:8:16)\n    at C:\\Users\\lucas\\Desktop\\Progamação\\Desenvolvimento Web\\Pasta\\nodejs\\Api-testes\\src\\routes\\users.js:8:8\n    at Layer.handle [as handle_request] (C:\\Users\\lucas\\Desktop\\Progamação\\Desenvolvimento Web\\Pasta\\nodejs\\Api-testes\\node_modules\\express\\lib\\router\\layer.js:95:5)\n    at next (C:\\Users\\lucas\\Desktop\\Progamação\\Desenvolvimento Web\\Pasta\\nodejs\\Api-testes\\node_modules\\express\\lib\\router\\route.js:137:13)\n    at Route.dispatch (C:\\Users\\lucas\\Desktop\\Progamação\\Desenvolvimento Web\\Pasta\\nodejs\\Api-testes\\node_modules\\express\\lib\\router\\route.js:112:3)\n    at Layer.handle [as handle_request] (C:\\Users\\lucas\\Desktop\\Progamação\\Desenvolvimento Web\\Pasta\\nodejs\\Api-testes\\node_modules\\express\\lib\\router\\layer.js:95:5)\n    at C:\\Users\\lucas\\Desktop\\Progamação\\Desenvolvimento Web\\Pasta\\nodejs\\Api-testes\\node_modules\\express\\lib\\router\\index.js:281:22\n    at Function.process_params (C:\\Users\\lucas\\Desktop\\Progamação\\Desenvolvimento Web\\Pasta\\nodejs\\Api-testes\\node_modules\\express\\lib\\router\\index.js:335:12)\n    at next (C:\\Users\\lucas\\Desktop\\Progamação\\Desenvolvimento Web\\Pasta\\nodejs\\Api-testes\\node_modules\\express\\lib\\router\\index.js:275:10)\n    at Function.handle (C:\\Users\\lucas\\Desktop\\Progamação\\Desenvolvimento Web\\Pasta\\nodejs\\Api-testes\\node_modules\\express\\lib\\router\\index.js:174:3)",
 "level": "error",
 "timestamp": "2022-07-19T17:38:04.960Z"
}
{
 "id": "00356456-2fdf-4169-aeda-e8f3e2633ce5",
 "name": "TypeError",
 "message": "app.db is not a function",
 "stack": "TypeError: app.db is not a function\n    at Object.findAll (C:\\Users\\lucas\\Desktop\\Progamação\\Desenvolvimento Web\\Pasta\\nodejs\\Api-testes\\src\\services\\user.js:8:16)\n    at C:\\Users\\lucas\\Desktop\\Progamação\\Desenvolvimento Web\\Pasta\\nodejs\\Api-testes\\src\\routes\\users.js:8:8\n    at Layer.handle [as handle_request] (C:\\Users\\lucas\\Desktop\\Progamação\\Desenvolvimento Web\\Pasta\\nodejs\\Api-testes\\node_modules\\express\\lib\\router\\layer.js:95:5)\n    at next (C:\\Users\\lucas\\Desktop\\Progamação\\Desenvolvimento Web\\Pasta\\nodejs\\Api-testes\\node_modules\\express\\lib\\router\\route.js:137:13)\n    at Route.dispatch (C:\\Users\\lucas\\Desktop\\Progamação\\Desenvolvimento Web\\Pasta\\nodejs\\Api-testes\\node_modules\\express\\lib\\router\\route.js:112:3)\n    at Layer.handle [as handle_request] (C:\\Users\\lucas\\Desktop\\Progamação\\Desenvolvimento Web\\Pasta\\nodejs\\Api-testes\\node_modules\\express\\lib\\router\\layer.js:95:5)\n    at C:\\Users\\lucas\\Desktop\\Progamação\\Desenvolvimento Web\\Pasta\\nodejs\\Api-testes\\node_modules\\express\\lib\\router\\index.js:281:22\n    at Function.process_params (C:\\Users\\lucas\\Desktop\\Progamação\\Desenvolvimento Web\\Pasta\\nodejs\\Api-testes\\node_modules\\express\\lib\\router\\index.js:335:12)\n    at next (C:\\Users\\lucas\\Desktop\\Progamação\\Desenvolvimento Web\\Pasta\\nodejs\\Api-testes\\node_modules\\express\\lib\\router\\index.js:275:10)\n    at Function.handle (C:\\Users\\lucas\\Desktop\\Progamação\\Desenvolvimento Web\\Pasta\\nodejs\\Api-testes\\node_modules\\express\\lib\\router\\index.js:174:3)",
 "level": "error",
 "timestamp": "2022-07-19T17:38:05.873Z"
}
{
 "id": "dbd2ea01-1915-4637-b15e-8ca4300be843",
 "name": "TypeError",
 "message": "app.db is not a function",
 "stack": "TypeError: app.db is not a function\n    at Object.findAll (C:\\Users\\lucas\\Desktop\\Progamação\\Desenvolvimento Web\\Pasta\\nodejs\\Api-testes\\src\\services\\user.js:8:16)\n    at C:\\Users\\lucas\\Desktop\\Progamação\\Desenvolvimento Web\\Pasta\\nodejs\\Api-testes\\src\\routes\\users.js:8:8\n    at Layer.handle [as handle_request] (C:\\Users\\lucas\\Desktop\\Progamação\\Desenvolvimento Web\\Pasta\\nodejs\\Api-testes\\node_modules\\express\\lib\\router\\layer.js:95:5)\n    at next (C:\\Users\\lucas\\Desktop\\Progamação\\Desenvolvimento Web\\Pasta\\nodejs\\Api-testes\\node_modules\\express\\lib\\router\\route.js:137:13)\n    at Route.dispatch (C:\\Users\\lucas\\Desktop\\Progamação\\Desenvolvimento Web\\Pasta\\nodejs\\Api-testes\\node_modules\\express\\lib\\router\\route.js:112:3)\n    at Layer.handle [as handle_request] (C:\\Users\\lucas\\Desktop\\Progamação\\Desenvolvimento Web\\Pasta\\nodejs\\Api-testes\\node_modules\\express\\lib\\router\\layer.js:95:5)\n    at C:\\Users\\lucas\\Desktop\\Progamação\\Desenvolvimento Web\\Pasta\\nodejs\\Api-testes\\node_modules\\express\\lib\\router\\index.js:281:22\n    at Function.process_params (C:\\Users\\lucas\\Desktop\\Progamação\\Desenvolvimento Web\\Pasta\\nodejs\\Api-testes\\node_modules\\express\\lib\\router\\index.js:335:12)\n    at next (C:\\Users\\lucas\\Desktop\\Progamação\\Desenvolvimento Web\\Pasta\\nodejs\\Api-testes\\node_modules\\express\\lib\\router\\index.js:275:10)\n    at Function.handle (C:\\Users\\lucas\\Desktop\\Progamação\\Desenvolvimento Web\\Pasta\\nodejs\\Api-testes\\node_modules\\express\\lib\\router\\index.js:174:3)",
 "level": "error",
 "timestamp": "2022-07-19T17:38:35.832Z"
}
{
 "id": "a0ef45cf-b786-4202-aaee-e8baabcc0a8e",
 "name": "TypeError",
 "message": "app.db is not a function",
 "stack": "TypeError: app.db is not a function\n    at Object.findAll (C:\\Users\\lucas\\Desktop\\Progamação\\Desenvolvimento Web\\Pasta\\nodejs\\Api-testes\\src\\services\\user.js:8:16)\n    at C:\\Users\\lucas\\Desktop\\Progamação\\Desenvolvimento Web\\Pasta\\nodejs\\Api-testes\\src\\routes\\users.js:8:8\n    at Layer.handle [as handle_request] (C:\\Users\\lucas\\Desktop\\Progamação\\Desenvolvimento Web\\Pasta\\nodejs\\Api-testes\\node_modules\\express\\lib\\router\\layer.js:95:5)\n    at next (C:\\Users\\lucas\\Desktop\\Progamação\\Desenvolvimento Web\\Pasta\\nodejs\\Api-testes\\node_modules\\express\\lib\\router\\route.js:137:13)\n    at Route.dispatch (C:\\Users\\lucas\\Desktop\\Progamação\\Desenvolvimento Web\\Pasta\\nodejs\\Api-testes\\node_modules\\express\\lib\\router\\route.js:112:3)\n    at Layer.handle [as handle_request] (C:\\Users\\lucas\\Desktop\\Progamação\\Desenvolvimento Web\\Pasta\\nodejs\\Api-testes\\node_modules\\express\\lib\\router\\layer.js:95:5)\n    at C:\\Users\\lucas\\Desktop\\Progamação\\Desenvolvimento Web\\Pasta\\nodejs\\Api-testes\\node_modules\\express\\lib\\router\\index.js:281:22\n    at Function.process_params (C:\\Users\\lucas\\Desktop\\Progamação\\Desenvolvimento Web\\Pasta\\nodejs\\Api-testes\\node_modules\\express\\lib\\router\\index.js:335:12)\n    at next (C:\\Users\\lucas\\Desktop\\Progamação\\Desenvolvimento Web\\Pasta\\nodejs\\Api-testes\\node_modules\\express\\lib\\router\\index.js:275:10)\n    at Function.handle (C:\\Users\\lucas\\Desktop\\Progamação\\Desenvolvimento Web\\Pasta\\nodejs\\Api-testes\\node_modules\\express\\lib\\router\\index.js:174:3)",
 "level": "error",
 "timestamp": "2022-07-19T17:40:28.053Z"
}
{
 "id": "00bebc72-cd78-4aa8-80d6-030d1dc94504",
 "name": "TypeError",
 "message": "app.db is not a function",
 "stack": "TypeError: app.db is not a function\n    at Object.findAll (C:\\Users\\lucas\\Desktop\\Progamação\\Desenvolvimento Web\\Pasta\\nodejs\\Api-testes\\src\\services\\user.js:8:16)\n    at C:\\Users\\lucas\\Desktop\\Progamação\\Desenvolvimento Web\\Pasta\\nodejs\\Api-testes\\src\\routes\\users.js:8:8\n    at Layer.handle [as handle_request] (C:\\Users\\lucas\\Desktop\\Progamação\\Desenvolvimento Web\\Pasta\\nodejs\\Api-testes\\node_modules\\express\\lib\\router\\layer.js:95:5)\n    at next (C:\\Users\\lucas\\Desktop\\Progamação\\Desenvolvimento Web\\Pasta\\nodejs\\Api-testes\\node_modules\\express\\lib\\router\\route.js:137:13)\n    at Route.dispatch (C:\\Users\\lucas\\Desktop\\Progamação\\Desenvolvimento Web\\Pasta\\nodejs\\Api-testes\\node_modules\\express\\lib\\router\\route.js:112:3)\n    at Layer.handle [as handle_request] (C:\\Users\\lucas\\Desktop\\Progamação\\Desenvolvimento Web\\Pasta\\nodejs\\Api-testes\\node_modules\\express\\lib\\router\\layer.js:95:5)\n    at C:\\Users\\lucas\\Desktop\\Progamação\\Desenvolvimento Web\\Pasta\\nodejs\\Api-testes\\node_modules\\express\\lib\\router\\index.js:281:22\n    at Function.process_params (C:\\Users\\lucas\\Desktop\\Progamação\\Desenvolvimento Web\\Pasta\\nodejs\\Api-testes\\node_modules\\express\\lib\\router\\index.js:335:12)\n    at next (C:\\Users\\lucas\\Desktop\\Progamação\\Desenvolvimento Web\\Pasta\\nodejs\\Api-testes\\node_modules\\express\\lib\\router\\index.js:275:10)\n    at Function.handle (C:\\Users\\lucas\\Desktop\\Progamação\\Desenvolvimento Web\\Pasta\\nodejs\\Api-testes\\node_modules\\express\\lib\\router\\index.js:174:3)",
 "level": "error",
 "timestamp": "2022-07-19T17:40:29.045Z"
}
{
 "id": "b0abf0e9-56a8-4fd3-8bd5-46ca49ae3ce7",
 "name": "TypeError",
 "message": "app.db is not a function",
 "stack": "TypeError: app.db is not a function\n    at Object.findAll (C:\\Users\\lucas\\Desktop\\Progamação\\Desenvolvimento Web\\Pasta\\nodejs\\Api-testes\\src\\services\\user.js:8:16)\n    at C:\\Users\\lucas\\Desktop\\Progamação\\Desenvolvimento Web\\Pasta\\nodejs\\Api-testes\\src\\routes\\users.js:8:8\n    at Layer.handle [as handle_request] (C:\\Users\\lucas\\Desktop\\Progamação\\Desenvolvimento Web\\Pasta\\nodejs\\Api-testes\\node_modules\\express\\lib\\router\\layer.js:95:5)\n    at next (C:\\Users\\lucas\\Desktop\\Progamação\\Desenvolvimento Web\\Pasta\\nodejs\\Api-testes\\node_modules\\express\\lib\\router\\route.js:137:13)\n    at Route.dispatch (C:\\Users\\lucas\\Desktop\\Progamação\\Desenvolvimento Web\\Pasta\\nodejs\\Api-testes\\node_modules\\express\\lib\\router\\route.js:112:3)\n    at Layer.handle [as handle_request] (C:\\Users\\lucas\\Desktop\\Progamação\\Desenvolvimento Web\\Pasta\\nodejs\\Api-testes\\node_modules\\express\\lib\\router\\layer.js:95:5)\n    at C:\\Users\\lucas\\Desktop\\Progamação\\Desenvolvimento Web\\Pasta\\nodejs\\Api-testes\\node_modules\\express\\lib\\router\\index.js:281:22\n    at Function.process_params (C:\\Users\\lucas\\Desktop\\Progamação\\Desenvolvimento Web\\Pasta\\nodejs\\Api-testes\\node_modules\\express\\lib\\router\\index.js:335:12)\n    at next (C:\\Users\\lucas\\Desktop\\Progamação\\Desenvolvimento Web\\Pasta\\nodejs\\Api-testes\\node_modules\\express\\lib\\router\\index.js:275:10)\n    at Function.handle (C:\\Users\\lucas\\Desktop\\Progamação\\Desenvolvimento Web\\Pasta\\nodejs\\Api-testes\\node_modules\\express\\lib\\router\\index.js:174:3)",
 "level": "error",
 "timestamp": "2022-07-19T17:41:08.719Z"
}
{
 "id": "55be7617-aab9-47ad-b790-24cd786c84f5",
 "name": "TypeError",
 "message": "app.db is not a function",
 "stack": "TypeError: app.db is not a function\n    at Object.findAll (C:\\Users\\lucas\\Desktop\\Progamação\\Desenvolvimento Web\\Pasta\\nodejs\\Api-testes\\src\\services\\user.js:8:16)\n    at C:\\Users\\lucas\\Desktop\\Progamação\\Desenvolvimento Web\\Pasta\\nodejs\\Api-testes\\src\\routes\\users.js:8:8\n    at Layer.handle [as handle_request] (C:\\Users\\lucas\\Desktop\\Progamação\\Desenvolvimento Web\\Pasta\\nodejs\\Api-testes\\node_modules\\express\\lib\\router\\layer.js:95:5)\n    at next (C:\\Users\\lucas\\Desktop\\Progamação\\Desenvolvimento Web\\Pasta\\nodejs\\Api-testes\\node_modules\\express\\lib\\router\\route.js:137:13)\n    at Route.dispatch (C:\\Users\\lucas\\Desktop\\Progamação\\Desenvolvimento Web\\Pasta\\nodejs\\Api-testes\\node_modules\\express\\lib\\router\\route.js:112:3)\n    at Layer.handle [as handle_request] (C:\\Users\\lucas\\Desktop\\Progamação\\Desenvolvimento Web\\Pasta\\nodejs\\Api-testes\\node_modules\\express\\lib\\router\\layer.js:95:5)\n    at C:\\Users\\lucas\\Desktop\\Progamação\\Desenvolvimento Web\\Pasta\\nodejs\\Api-testes\\node_modules\\express\\lib\\router\\index.js:281:22\n    at Function.process_params (C:\\Users\\lucas\\Desktop\\Progamação\\Desenvolvimento Web\\Pasta\\nodejs\\Api-testes\\node_modules\\express\\lib\\router\\index.js:335:12)\n    at next (C:\\Users\\lucas\\Desktop\\Progamação\\Desenvolvimento Web\\Pasta\\nodejs\\Api-testes\\node_modules\\express\\lib\\router\\index.js:275:10)\n    at Function.handle (C:\\Users\\lucas\\Desktop\\Progamação\\Desenvolvimento Web\\Pasta\\nodejs\\Api-testes\\node_modules\\express\\lib\\router\\index.js:174:3)",
 "level": "error",
 "timestamp": "2022-07-19T17:46:51.486Z"
}
